<?xml version="1.0" encoding="UTF-8"?>
<!-- Generated by org.testng.reporters.JUnitReportReporter -->
<testsuite skipped="0" hostname="Paras-HP" name="maven.helloTest" tests="1" failures="0" timestamp="21 Nov 2018 08:28:25 GMT" time="0.014" errors="0">
  <testcase name="test1" time="0.014" classname="maven.helloTest"/>
</testsuite> <!-- maven.helloTest -->
